<?xml version="1.0" encoding="UTF-8"?>
<!-- Generated by org.testng.reporters.JUnitXMLReporter -->
<testsuite ignored="0" hostname="LAPTOP-8IB0L946" failures="0" tests="6" name="Default test" time="13.315" errors="0" timestamp="2026-05-19T22:31:34 IST">
  <testcase classname="api.test.DataDrivenTests" name="testPostUser" time="5.347"/>
  <testcase classname="api.test.DataDrivenTests" name="testPostUser" time="1.961"/>
  <testcase classname="api.test.DataDrivenTests" name="testPostUser" time="0.984"/>
  <testcase classname="api.test.DataDrivenTests" name="testDeleteData" time="0.246"/>
  <testcase classname="api.test.DataDrivenTests" name="testDeleteData" time="0.16"/>
  <testcase classname="api.test.DataDrivenTests" name="testDeleteData" time="0.196"/>
</testsuite> <!-- Default test -->
