<?xml version="1.0" encoding="UTF-8"?>
<testng-results ignored="0" total="10" passed="10" failed="0" skipped="0">
  <reporter-output>
  </reporter-output>
  <suite started-at="2026-05-20T22:33:57 IST" name="petSuite" finished-at="2026-05-20T22:34:09 IST" duration-ms="12148">
    <groups>
    </groups>
    <test started-at="2026-05-20T22:33:57 IST" name="petSuite" finished-at="2026-05-20T22:34:09 IST" duration-ms="12148">
      <class name="api.test.DataDrivenTests">
        <test-method signature="testPostUser(java.lang.String,java.lang.String,java.lang.String,java.lang.String,java.lang.String,java.lang.String,java.lang.String)[pri:1, instance:api.test.DataDrivenTests@5340477f]" started-at="2026-05-20T22:34:01 IST" name="testPostUser" data-provider="data" finished-at="2026-05-20T22:34:05 IST" duration-ms="4252" status="PASS">
          <params>
            <param index="0">
              <value>
                <![CDATA[2001.0]]>
              </value>
            </param>
            <param index="1">
              <value>
                <![CDATA[user1]]>
              </value>
            </param>
            <param index="2">
              <value>
                <![CDATA[Sanjay]]>
              </value>
            </param>
            <param index="3">
              <value>
                <![CDATA[Shantanu]]>
              </value>
            </param>
            <param index="4">
              <value>
                <![CDATA[ss@ss.com]]>
              </value>
            </param>
            <param index="5">
              <value>
                <![CDATA[user@123]]>
              </value>
            </param>
            <param index="6">
              <value>
                <![CDATA[3.451234566E9]]>
              </value>
            </param>
          </params>
          <reporter-output>
          </reporter-output>
        </test-method> <!-- testPostUser -->
        <test-method signature="testPostUser(java.lang.String,java.lang.String,java.lang.String,java.lang.String,java.lang.String,java.lang.String,java.lang.String)[pri:1, instance:api.test.DataDrivenTests@5340477f]" started-at="2026-05-20T22:34:05 IST" name="testPostUser" data-provider="data" finished-at="2026-05-20T22:34:05 IST" duration-ms="215" status="PASS">
          <params>
            <param index="0">
              <value>
                <![CDATA[2003.0]]>
              </value>
            </param>
            <param index="1">
              <value>
                <![CDATA[user2]]>
              </value>
            </param>
            <param index="2">
              <value>
                <![CDATA[Prashant]]>
              </value>
            </param>
            <param index="3">
              <value>
                <![CDATA[Vardha]]>
              </value>
            </param>
            <param index="4">
              <value>
                <![CDATA[pv@pv.com]]>
              </value>
            </param>
            <param index="5">
              <value>
                <![CDATA[user@567]]>
              </value>
            </param>
            <param index="6">
              <value>
                <![CDATA[1.234654431E9]]>
              </value>
            </param>
          </params>
          <reporter-output>
          </reporter-output>
        </test-method> <!-- testPostUser -->
        <test-method signature="testPostUser(java.lang.String,java.lang.String,java.lang.String,java.lang.String,java.lang.String,java.lang.String,java.lang.String)[pri:1, instance:api.test.DataDrivenTests@5340477f]" started-at="2026-05-20T22:34:05 IST" name="testPostUser" data-provider="data" finished-at="2026-05-20T22:34:06 IST" duration-ms="206" status="PASS">
          <params>
            <param index="0">
              <value>
                <![CDATA[2005.0]]>
              </value>
            </param>
            <param index="1">
              <value>
                <![CDATA[user3]]>
              </value>
            </param>
            <param index="2">
              <value>
                <![CDATA[Rajveer]]>
              </value>
            </param>
            <param index="3">
              <value>
                <![CDATA[Shikavat]]>
              </value>
            </param>
            <param index="4">
              <value>
                <![CDATA[rs@rs.com]]>
              </value>
            </param>
            <param index="5">
              <value>
                <![CDATA[user@789]]>
              </value>
            </param>
            <param index="6">
              <value>
                <![CDATA[1.234598765E9]]>
              </value>
            </param>
          </params>
          <reporter-output>
          </reporter-output>
        </test-method> <!-- testPostUser -->
        <test-method signature="testDeleteData(java.lang.String)[pri:2, instance:api.test.DataDrivenTests@5340477f]" started-at="2026-05-20T22:34:06 IST" name="testDeleteData" data-provider="userName" finished-at="2026-05-20T22:34:06 IST" duration-ms="460" status="PASS">
          <params>
            <param index="0">
              <value>
                <![CDATA[user1]]>
              </value>
            </param>
          </params>
          <reporter-output>
          </reporter-output>
        </test-method> <!-- testDeleteData -->
        <test-method signature="testDeleteData(java.lang.String)[pri:2, instance:api.test.DataDrivenTests@5340477f]" started-at="2026-05-20T22:34:06 IST" name="testDeleteData" data-provider="userName" finished-at="2026-05-20T22:34:06 IST" duration-ms="223" status="PASS">
          <params>
            <param index="0">
              <value>
                <![CDATA[user2]]>
              </value>
            </param>
          </params>
          <reporter-output>
          </reporter-output>
        </test-method> <!-- testDeleteData -->
        <test-method signature="testDeleteData(java.lang.String)[pri:2, instance:api.test.DataDrivenTests@5340477f]" started-at="2026-05-20T22:34:06 IST" name="testDeleteData" data-provider="userName" finished-at="2026-05-20T22:34:08 IST" duration-ms="1199" status="PASS">
          <params>
            <param index="0">
              <value>
                <![CDATA[user3]]>
              </value>
            </param>
          </params>
          <reporter-output>
          </reporter-output>
        </test-method> <!-- testDeleteData -->
      </class> <!-- api.test.DataDrivenTests -->
      <class name="api.test.UserTest">
        <test-method is-config="true" signature="setup()[pri:0, instance:api.test.UserTest@f58853c]" started-at="2026-05-20T22:34:08 IST" name="setup" finished-at="2026-05-20T22:34:08 IST" duration-ms="296" status="PASS">
          <reporter-output>
          </reporter-output>
        </test-method> <!-- setup -->
        <test-method signature="testPostUser()[pri:1, instance:api.test.UserTest@f58853c]" started-at="2026-05-20T22:34:08 IST" name="testPostUser" finished-at="2026-05-20T22:34:08 IST" duration-ms="241" status="PASS">
          <reporter-output>
          </reporter-output>
        </test-method> <!-- testPostUser -->
        <test-method signature="testGetUser()[pri:2, instance:api.test.UserTest@f58853c]" started-at="2026-05-20T22:34:08 IST" name="testGetUser" finished-at="2026-05-20T22:34:08 IST" duration-ms="280" status="PASS">
          <reporter-output>
          </reporter-output>
        </test-method> <!-- testGetUser -->
        <test-method signature="testupdateUserByName()[pri:3, instance:api.test.UserTest@f58853c]" started-at="2026-05-20T22:34:08 IST" name="testupdateUserByName" finished-at="2026-05-20T22:34:09 IST" duration-ms="445" status="PASS">
          <reporter-output>
          </reporter-output>
        </test-method> <!-- testupdateUserByName -->
        <test-method signature="testDeleteUser()[pri:4, instance:api.test.UserTest@f58853c]" started-at="2026-05-20T22:34:09 IST" name="testDeleteUser" finished-at="2026-05-20T22:34:09 IST" duration-ms="488" status="PASS">
          <reporter-output>
          </reporter-output>
        </test-method> <!-- testDeleteUser -->
      </class> <!-- api.test.UserTest -->
    </test> <!-- petSuite -->
  </suite> <!-- petSuite -->
</testng-results>
