<?xml version="1.0" encoding="UTF-8"?>
<!-- Generated by org.testng.reporters.JUnitReportReporter -->
<testsuite hostname="LAPTOP-8IB0L946" failures="0" tests="6" name="api.test.DataDrivenTests" time="6.790" errors="0" timestamp="2026-05-19T23:35:58 IST" skipped="0">
  <testcase classname="api.test.DataDrivenTests" name="testPostUser" time="5.141"/>
  <testcase classname="api.test.DataDrivenTests" name="testPostUser" time="0.371"/>
  <testcase classname="api.test.DataDrivenTests" name="testPostUser" time="0.280"/>
  <testcase classname="api.test.DataDrivenTests" name="testDeleteData" time="0.552"/>
  <testcase classname="api.test.DataDrivenTests" name="testDeleteData" time="0.276"/>
  <testcase classname="api.test.DataDrivenTests" name="testDeleteData" time="0.170"/>
</testsuite> <!-- api.test.DataDrivenTests -->
