<?xml version="1.0" encoding="UTF-8"?>
<!-- Generated by org.testng.reporters.JUnitReportReporter -->
<testsuite hostname="LAPTOP-8IB0L946" failures="0" tests="4" name="api.test.UserTest" time="1.006" errors="0" timestamp="2026-05-19T23:35:58 IST" skipped="0">
  <testcase classname="api.test.UserTest" name="testPostUser" time="0.282"/>
  <testcase classname="api.test.UserTest" name="testGetUser" time="0.195"/>
  <testcase classname="api.test.UserTest" name="testupdateUserByName" time="0.365"/>
  <testcase classname="api.test.UserTest" name="testDeleteUser" time="0.164"/>
</testsuite> <!-- api.test.UserTest -->
