<?xml version="1.0" encoding="UTF-8"?>
<!-- Generated by org.testng.reporters.JUnitReportReporter -->
<testsuite hostname="LAPTOP-8IB0L946" failures="0" tests="6" name="api.test.DataDrivenTests" time="6.555" errors="0" timestamp="2026-05-20T22:34:10 IST" skipped="0">
  <testcase classname="api.test.DataDrivenTests" name="testPostUser" time="4.252"/>
  <testcase classname="api.test.DataDrivenTests" name="testPostUser" time="0.215"/>
  <testcase classname="api.test.DataDrivenTests" name="testPostUser" time="0.206"/>
  <testcase classname="api.test.DataDrivenTests" name="testDeleteData" time="0.460"/>
  <testcase classname="api.test.DataDrivenTests" name="testDeleteData" time="1.199"/>
  <testcase classname="api.test.DataDrivenTests" name="testDeleteData" time="0.223"/>
</testsuite> <!-- api.test.DataDrivenTests -->
