<?xml version="1.0" encoding="UTF-8"?>
<!-- Generated by org.testng.reporters.JUnitReportReporter -->
<testsuite hostname="LAPTOP-8IB0L946" failures="0" tests="4" name="api.test.UserTest" time="1.454" errors="0" timestamp="2026-05-20T22:34:10 IST" skipped="0">
  <testcase classname="api.test.UserTest" name="testPostUser" time="0.241"/>
  <testcase classname="api.test.UserTest" name="testGetUser" time="0.280"/>
  <testcase classname="api.test.UserTest" name="testupdateUserByName" time="0.445"/>
  <testcase classname="api.test.UserTest" name="testDeleteUser" time="0.488"/>
</testsuite> <!-- api.test.UserTest -->
