<?xml version="1.0" encoding="UTF-8"?>
<!-- Generated by org.testng.reporters.JUnitXMLReporter -->
<testsuite ignored="0" hostname="LAPTOP-8IB0L946" failures="0" tests="10" name="petSuite" time="12.148" errors="0" timestamp="2026-05-20T22:34:10 IST">
  <testcase classname="api.test.DataDrivenTests" name="testPostUser" time="4.252"/>
  <testcase classname="api.test.DataDrivenTests" name="testPostUser" time="0.215"/>
  <testcase classname="api.test.DataDrivenTests" name="testPostUser" time="0.206"/>
  <testcase classname="api.test.DataDrivenTests" name="testDeleteData" time="0.46"/>
  <testcase classname="api.test.DataDrivenTests" name="testDeleteData" time="0.223"/>
  <testcase classname="api.test.DataDrivenTests" name="testDeleteData" time="1.199"/>
  <testcase classname="api.test.UserTest" name="testPostUser" time="0.241"/>
  <testcase classname="api.test.UserTest" name="testGetUser" time="0.28"/>
  <testcase classname="api.test.UserTest" name="testupdateUserByName" time="0.445"/>
  <testcase classname="api.test.UserTest" name="testDeleteUser" time="0.488"/>
</testsuite> <!-- petSuite -->
