<?xml version="1.0" encoding="UTF-8"?>
<!-- Generated by org.testng.reporters.JUnitXMLReporter -->
<testsuite ignored="0" hostname="LAPTOP-8IB0L946" failures="0" tests="10" name="petSuite" time="12.12" errors="0" timestamp="2026-05-19T23:35:58 IST">
  <testcase classname="api.test.DataDrivenTests" name="testPostUser" time="5.141"/>
  <testcase classname="api.test.DataDrivenTests" name="testPostUser" time="0.28"/>
  <testcase classname="api.test.DataDrivenTests" name="testPostUser" time="0.371"/>
  <testcase classname="api.test.DataDrivenTests" name="testDeleteData" time="0.552"/>
  <testcase classname="api.test.DataDrivenTests" name="testDeleteData" time="0.276"/>
  <testcase classname="api.test.DataDrivenTests" name="testDeleteData" time="0.17"/>
  <testcase classname="api.test.UserTest" name="testPostUser" time="0.282"/>
  <testcase classname="api.test.UserTest" name="testGetUser" time="0.195"/>
  <testcase classname="api.test.UserTest" name="testupdateUserByName" time="0.365"/>
  <testcase classname="api.test.UserTest" name="testDeleteUser" time="0.164"/>
</testsuite> <!-- petSuite -->
